running develop
running egg_info
creating mngr_fr_pkg.egg-info
writing mngr_fr_pkg.egg-info/PKG-INFO
writing dependency_links to mngr_fr_pkg.egg-info/dependency_links.txt
writing entry points to mngr_fr_pkg.egg-info/entry_points.txt
writing requirements to mngr_fr_pkg.egg-info/requires.txt
writing top-level names to mngr_fr_pkg.egg-info/top_level.txt
writing manifest file 'mngr_fr_pkg.egg-info/SOURCES.txt'
reading manifest file 'mngr_fr_pkg.egg-info/SOURCES.txt'
writing manifest file 'mngr_fr_pkg.egg-info/SOURCES.txt'
running build_ext
Creating /root/ros2_wss/install/mngr_fr_pkg/lib/python3.12/site-packages/mngr-fr-pkg.egg-link (link to .)
Installing cam_pub script to /root/ros2_wss/install/mngr_fr_pkg/lib/mngr_fr_pkg
Installing greet_user script to /root/ros2_wss/install/mngr_fr_pkg/lib/mngr_fr_pkg
Installing img_sub script to /root/ros2_wss/install/mngr_fr_pkg/lib/mngr_fr_pkg
Installing update_users script to /root/ros2_wss/install/mngr_fr_pkg/lib/mngr_fr_pkg

Installed /root/ros2_wss/build/mngr_fr_pkg
running symlink_data
creating /root/ros2_wss/install/mngr_fr_pkg/share/ament_index
creating /root/ros2_wss/install/mngr_fr_pkg/share/ament_index/resource_index
creating /root/ros2_wss/install/mngr_fr_pkg/share/ament_index/resource_index/packages
symbolically linking /root/ros2_wss/build/mngr_fr_pkg/resource/mngr_fr_pkg -> /root/ros2_wss/install/mngr_fr_pkg/share/ament_index/resource_index/packages
symbolically linking /root/ros2_wss/build/mngr_fr_pkg/package.xml -> /root/ros2_wss/install/mngr_fr_pkg/share/mngr_fr_pkg
